<?xml version="1.0" encoding="UTF-8"?>
<!-- Generated by org.testng.reporters.JUnitXMLReporter -->
<testsuite hostname="LAPTOP-PN4LQ6CQ" ignored="0" name="Default test" tests="3" failures="0" timestamp="2022-10-08T13:02:52 IST" time="151.806" errors="0">
  <testcase name="register" time="22.973" classname="TestNg.AutomateWebApp"/>
  <testcase name="login" time="64.365" classname="TestNg.AutomateWebApp"/>
  <testcase name="search" time="64.42" classname="TestNg.AutomateWebApp"/>
</testsuite> <!-- Default test -->
